-------------------------------------------------------------------------------
Test set: TestSuite
-------------------------------------------------------------------------------
Tests run: 3, Failures: 1, Errors: 0, Skipped: 0, Time elapsed: 42.156 sec <<< FAILURE! - in TestSuite
TC_01_CreateNewCustomerAccountAndGetID(com.guru.testcases.LoginTest)  Time elapsed: 17.513 sec  <<< FAILURE!
java.lang.AssertionError: Layout test failed
	at com.guru.testcases.LoginTest.TC_01_CreateNewCustomerAccountAndGetID(LoginTest.java:88)

